# JRE version: Java(TM) SE Runtime Environment 18.9 (11.0.13+10) (build 11.0.13+10-LTS-370)
# Java VM: Java HotSpot(TM) 64-Bit Server VM 18.9 (11.0.13+10-LTS-370, mixed mode, tiered, compressed oops, g1 gc, bsd-amd64)
Heap:
 garbage-first heap   total 131072K, used 32047K [0x0000000780000000, 0x0000000800000000)
  region size 1024K, 24 young (24576K), 2 survivors (2048K)
 Metaspace       used 22278K, capacity 22987K, committed 23216K, reserved 1069056K
  class space    used 2693K, capacity 2988K, committed 3072K, reserved 1048576K
GC Heap History (8 events):
Event: 1.975 GC heap before
{Heap before GC invocations=0 (full 0):
 garbage-first heap   total 131072K, used 24576K [0x0000000780000000, 0x0000000800000000)
  region size 1024K, 24 young (24576K), 0 survivors (0K)
 Metaspace       used 13871K, capacity 14245K, committed 14464K, reserved 1062912K
  class space    used 1479K, capacity 1627K, committed 1664K, reserved 1048576K
}
Event: 1.994 GC heap after
{Heap after GC invocations=1 (full 0):
 garbage-first heap   total 131072K, used 8789K [0x0000000780000000, 0x0000000800000000)
  region size 1024K, 3 young (3072K), 3 survivors (3072K)
 Metaspace       used 13871K, capacity 14245K, committed 14464K, reserved 1062912K
  class space    used 1479K, capacity 1627K, committed 1664K, reserved 1048576K
}
Event: 2.144 GC heap before
{Heap before GC invocations=1 (full 0):
 garbage-first heap   total 131072K, used 27221K [0x0000000780000000, 0x0000000800000000)
  region size 1024K, 22 young (22528K), 3 survivors (3072K)
 Metaspace       used 14999K, capacity 15375K, committed 15744K, reserved 1062912K
  class space    used 1627K, capacity 1795K, committed 1920K, reserved 1048576K
}
Event: 2.149 GC heap after
{Heap after GC invocations=2 (full 0):
 garbage-first heap   total 131072K, used 9159K [0x0000000780000000, 0x0000000800000000)
  region size 1024K, 1 young (1024K), 1 survivors (1024K)
 Metaspace       used 14999K, capacity 15375K, committed 15744K, reserved 1062912K
  class space    used 1627K, capacity 1795K, committed 1920K, reserved 1048576K
}
Event: 2.506 GC heap before
{Heap before GC invocations=2 (full 0):
 garbage-first heap   total 131072K, used 65479K [0x0000000780000000, 0x0000000800000000)
  region size 1024K, 57 young (58368K), 1 survivors (1024K)
 Metaspace       used 18313K, capacity 18875K, committed 19072K, reserved 1067008K
  class space    used 2091K, capacity 2316K, committed 2432K, reserved 1048576K
}
Event: 2.510 GC heap after
{Heap after GC invocations=3 (full 0):
 garbage-first heap   total 131072K, used 10044K [0x0000000780000000, 0x0000000800000000)
  region size 1024K, 2 young (2048K), 2 survivors (2048K)
 Metaspace       used 18313K, capacity 18875K, committed 19072K, reserved 1067008K
  class space    used 2091K, capacity 2316K, committed 2432K, reserved 1048576K
}
Event: 2.648 GC heap before
{Heap before GC invocations=3 (full 0):
 garbage-first heap   total 131072K, used 24380K [0x0000000780000000, 0x0000000800000000)
  region size 1024K, 17 young (17408K), 2 survivors (2048K)
 Metaspace       used 20477K, capacity 21107K, committed 21296K, reserved 1069056K
  class space    used 2395K, capacity 2658K, committed 2688K, reserved 1048576K
}
Event: 2.654 GC heap after
{Heap after GC invocations=4 (full 0):
 garbage-first heap   total 131072K, used 10543K [0x0000000780000000, 0x0000000800000000)
  region size 1024K, 2 young (2048K), 2 survivors (2048K)
 Metaspace       used 20477K, capacity 21107K, committed 21296K, reserved 1069056K
  class space    used 2395K, capacity 2658K, committed 2688K, reserved 1048576K
}

